<?xml version="1.0" encoding="UTF-8"?>
<!-- Generated by org.testng.reporters.JUnitReportReporter -->
<testsuite hostname="MX-IT04014.local" failures="0" tests="3" name="com.unosquare.amazon.pageFactory.test.SearchProductTest" time="10.611" errors="0" timestamp="2021-10-21T20:48:34 CDT" skipped="0">
  <testcase classname="com.unosquare.amazon.pageFactory.test.SearchProductTest" name="validate_searchResults" time="2.841"/>
  <system-out/>
  <testcase classname="com.unosquare.amazon.pageFactory.test.SearchProductTest" name="validate_priceOfItemSelected" time="3.297"/>
  <system-out/>
  <testcase classname="com.unosquare.amazon.pageFactory.test.SearchProductTest" name="validate_priceOfItemOnCart" time="4.473"/>
  <system-out/>
</testsuite> <!-- com.unosquare.amazon.pageFactory.test.SearchProductTest -->
