<?xml version="1.0" encoding="UTF-8"?>
<!-- Generated by org.testng.reporters.JUnitReportReporter -->
<testsuite hostname="MX-IT04014.local" failures="0" tests="27" name="com.unosquare.amazon.pom.test.SignInTest" time="15.231" errors="0" timestamp="2021-10-21T19:59:15 CDT" skipped="0">
  <testcase classname="com.unosquare.amazon.pom.test.SignInTest" name="fillFormNewCustomer" time="0.367"/>
  <system-out/>
  <testcase classname="com.unosquare.amazon.pom.test.SignInTest" name="fillFormNewCustomer" time="0.342"/>
  <system-out/>
  <testcase classname="com.unosquare.amazon.pom.test.SignInTest" name="fillFormNewCustomer" time="0.323"/>
  <system-out/>
  <testcase classname="com.unosquare.amazon.pom.test.SignInTest" name="fillFormNewCustomer" time="0.339"/>
  <system-out/>
  <testcase classname="com.unosquare.amazon.pom.test.SignInTest" name="fillFormNewCustomer" time="0.262"/>
  <system-out/>
  <testcase classname="com.unosquare.amazon.pom.test.SignInTest" name="fillFormNewCustomer" time="0.346"/>
  <system-out/>
  <testcase classname="com.unosquare.amazon.pom.test.SignInTest" name="fillFormNewCustomer" time="0.289"/>
  <system-out/>
  <testcase classname="com.unosquare.amazon.pom.test.SignInTest" name="fillFormNewCustomer" time="0.273"/>
  <system-out/>
  <testcase classname="com.unosquare.amazon.pom.test.SignInTest" name="fillFormNewCustomer" time="0.289"/>
  <system-out/>
  <testcase classname="com.unosquare.amazon.pom.test.SignInTest" name="fillFormNewCustomer" time="0.306"/>
  <system-out/>
  <testcase classname="com.unosquare.amazon.pom.test.SignInTest" name="fillFormNewCustomer" time="0.274"/>
  <system-out/>
  <testcase classname="com.unosquare.amazon.pom.test.SignInTest" name="fillFormNewCustomer" time="0.278"/>
  <system-out/>
  <testcase classname="com.unosquare.amazon.pom.test.SignInTest" name="fillFormNewCustomer" time="0.289"/>
  <system-out/>
  <testcase classname="com.unosquare.amazon.pom.test.SignInTest" name="fillFormNewCustomer" time="0.289"/>
  <system-out/>
  <testcase classname="com.unosquare.amazon.pom.test.SignInTest" name="signInCustomer" time="1.911"/>
  <system-out/>
  <testcase classname="com.unosquare.amazon.pom.test.SignInTest" name="fillFormNewCustomer" time="0.271"/>
  <system-out/>
  <testcase classname="com.unosquare.amazon.pom.test.SignInTest" name="fillFormNewCustomer" time="0.328"/>
  <system-out/>
  <testcase classname="com.unosquare.amazon.pom.test.SignInTest" name="fillFormNewCustomer" time="0.302"/>
  <system-out/>
  <testcase classname="com.unosquare.amazon.pom.test.SignInTest" name="fillFormNewCustomer" time="0.271"/>
  <system-out/>
  <testcase classname="com.unosquare.amazon.pom.test.SignInTest" name="testValidateGetAllEmployees" time="1.531"/>
  <system-out/>
  <testcase classname="com.unosquare.amazon.pom.test.SignInTest" name="fillFormNewCustomer" time="0.292"/>
  <system-out/>
  <testcase classname="com.unosquare.amazon.pom.test.SignInTest" name="fillFormNewCustomer" time="0.261"/>
  <system-out/>
  <testcase classname="com.unosquare.amazon.pom.test.SignInTest" name="fillFormNewCustomer" time="0.270"/>
  <system-out/>
  <testcase classname="com.unosquare.amazon.pom.test.SignInTest" name="openConditionsPage" time="4.537"/>
  <system-out/>
  <testcase classname="com.unosquare.amazon.pom.test.SignInTest" name="fillFormNewCustomer" time="0.434"/>
  <system-out/>
  <testcase classname="com.unosquare.amazon.pom.test.SignInTest" name="fillFormNewCustomer" time="0.286"/>
  <system-out/>
  <testcase classname="com.unosquare.amazon.pom.test.SignInTest" name="fillFormNewCustomer" time="0.271"/>
  <system-out/>
</testsuite> <!-- com.unosquare.amazon.pom.test.SignInTest -->
